<?xml version="1.0" encoding="UTF-8"?>
<!-- Generated by org.testng.reporters.JUnitXMLReporter -->
<testsuite ignored="0" hostname="DESKTOP-0PU2B0L" failures="0" tests="3" name="Default test" time="59.735" errors="0" timestamp="2020-02-14T17:00:57 IST">
  <testcase classname="com.training.sanity.tests.login_AUT" name="loginUser" time="5.537"/>
  <testcase classname="com.training.sanity.tests.login_AUT" name="loginUser" time="4.184"/>
  <testcase classname="com.training.sanity.tests.login_AUT" name="loginUser" time="4.761"/>
</testsuite> <!-- Default test -->
