<?xml version="1.0" encoding="UTF-8"?>
<!-- Generated by org.testng.reporters.JUnitXMLReporter -->
<testsuite ignored="0" hostname="DESKTOP-0PU2B0L" failures="0" tests="3" name="Default test" time="63.084" errors="0" timestamp="2020-02-19T15:10:04 IST">
  <testcase classname="com.testing.tests.login_AUT" name="loginUser" time="5.546"/>
  <testcase classname="com.testing.tests.login_AUT" name="loginUser" time="5.379"/>
  <testcase classname="com.testing.tests.login_AUT" name="loginUser" time="5.264"/>
</testsuite> <!-- Default test -->
