<?xml version="1.0" encoding="UTF-8"?>
<testng-results ignored="0" total="3" passed="3" failed="0" skipped="0">
  <reporter-output>
  </reporter-output>
  <suite started-at="2020-02-19T15:09:01 IST" name="Default suite" finished-at="2020-02-19T15:10:04 IST" duration-ms="63084">
    <groups>
    </groups>
    <test started-at="2020-02-19T15:09:01 IST" name="Default test" finished-at="2020-02-19T15:10:04 IST" duration-ms="63084">
      <class name="com.testing.tests.login_AUT">
        <test-method is-config="true" signature="setUpBeforeClass()[pri:0, instance:com.testing.tests.login_AUT@6973bf95]" started-at="2020-02-19T15:09:01 IST" name="setUpBeforeClass" finished-at="2020-02-19T15:09:01 IST" duration-ms="11" status="PASS">
          <reporter-output>
          </reporter-output>
        </test-method> <!-- setUpBeforeClass -->
        <test-method is-config="true" signature="setUp()[pri:0, instance:com.testing.tests.login_AUT@6973bf95]" started-at="2020-02-19T15:09:02 IST" name="setUp" finished-at="2020-02-19T15:09:15 IST" duration-ms="13049" status="PASS">
          <reporter-output>
          </reporter-output>
        </test-method> <!-- setUp -->
        <test-method signature="loginUser(java.lang.String)[pri:0, instance:com.testing.tests.login_AUT@6973bf95]" started-at="2020-02-19T15:09:15 IST" name="loginUser" data-provider="Login_Users" finished-at="2020-02-19T15:09:20 IST" duration-ms="5546" status="PASS">
          <params>
            <param index="0">
              <value>
                <![CDATA[S8979373D / UEN: 123456789A]]>
              </value>
            </param>
          </params>
          <reporter-output>
          </reporter-output>
        </test-method> <!-- loginUser -->
        <test-method is-config="true" signature="tearDown()[pri:0, instance:com.testing.tests.login_AUT@6973bf95]" started-at="2020-02-19T15:09:20 IST" name="tearDown" finished-at="2020-02-19T15:09:23 IST" duration-ms="2807" status="PASS">
          <reporter-output>
          </reporter-output>
        </test-method> <!-- tearDown -->
        <test-method is-config="true" signature="setUp()[pri:0, instance:com.testing.tests.login_AUT@6973bf95]" started-at="2020-02-19T15:09:23 IST" name="setUp" finished-at="2020-02-19T15:09:36 IST" duration-ms="12359" status="PASS">
          <reporter-output>
          </reporter-output>
        </test-method> <!-- setUp -->
        <test-method signature="loginUser(java.lang.String)[pri:0, instance:com.testing.tests.login_AUT@6973bf95]" started-at="2020-02-19T15:09:36 IST" name="loginUser" data-provider="Login_Users" finished-at="2020-02-19T15:09:41 IST" duration-ms="5379" status="PASS">
          <params>
            <param index="0">
              <value>
                <![CDATA[S8116474F / UEN: 123456789A]]>
              </value>
            </param>
          </params>
          <reporter-output>
          </reporter-output>
        </test-method> <!-- loginUser -->
        <test-method is-config="true" signature="tearDown()[pri:0, instance:com.testing.tests.login_AUT@6973bf95]" started-at="2020-02-19T15:09:41 IST" name="tearDown" finished-at="2020-02-19T15:09:44 IST" duration-ms="2778" status="PASS">
          <reporter-output>
          </reporter-output>
        </test-method> <!-- tearDown -->
        <test-method is-config="true" signature="setUp()[pri:0, instance:com.testing.tests.login_AUT@6973bf95]" started-at="2020-02-19T15:09:44 IST" name="setUp" finished-at="2020-02-19T15:09:56 IST" duration-ms="12426" status="PASS">
          <reporter-output>
          </reporter-output>
        </test-method> <!-- setUp -->
        <test-method signature="loginUser(java.lang.String)[pri:0, instance:com.testing.tests.login_AUT@6973bf95]" started-at="2020-02-19T15:09:56 IST" name="loginUser" data-provider="Login_Users" finished-at="2020-02-19T15:10:01 IST" duration-ms="5264" status="PASS">
          <params>
            <param index="0">
              <value>
                <![CDATA[S8723211E / UEN: 123456789A]]>
              </value>
            </param>
          </params>
          <reporter-output>
          </reporter-output>
        </test-method> <!-- loginUser -->
        <test-method is-config="true" signature="tearDown()[pri:0, instance:com.testing.tests.login_AUT@6973bf95]" started-at="2020-02-19T15:10:01 IST" name="tearDown" finished-at="2020-02-19T15:10:04 IST" duration-ms="2858" status="PASS">
          <reporter-output>
          </reporter-output>
        </test-method> <!-- tearDown -->
      </class> <!-- com.testing.tests.login_AUT -->
    </test> <!-- Default test -->
  </suite> <!-- Default suite -->
</testng-results>
